mode: set
stalling/vendor/github.com/mbict/go-errormapper/errormapper.go:11.85,14.2 2 1
stalling/vendor/github.com/mbict/go-errormapper/errormapper.go:16.81,18.2 1 1
stalling/vendor/github.com/mbict/go-errormapper/errormapper.go:20.97,22.9 2 1
stalling/vendor/github.com/mbict/go-errormapper/errormapper.go:32.2,32.26 1 1
stalling/vendor/github.com/mbict/go-errormapper/errormapper.go:22.9,24.10 2 1
stalling/vendor/github.com/mbict/go-errormapper/errormapper.go:24.10,26.26 1 1
stalling/vendor/github.com/mbict/go-errormapper/errormapper.go:29.4,29.20 1 1
stalling/vendor/github.com/mbict/go-errormapper/errormapper.go:26.26,28.5 1 1
stalling/vendor/github.com/mbict/go-errormapper/errormapper.go:35.103,37.2 1 1
stalling/vendor/github.com/mbict/go-errormapper/errormapper.go:39.108,41.2 1 1
stalling/vendor/github.com/mbict/go-errormapper/errormapper.go:43.124,45.27 2 1
stalling/vendor/github.com/mbict/go-errormapper/errormapper.go:62.2,62.32 1 1
stalling/vendor/github.com/mbict/go-errormapper/errormapper.go:45.27,47.10 2 1
stalling/vendor/github.com/mbict/go-errormapper/errormapper.go:51.3,51.19 1 1
stalling/vendor/github.com/mbict/go-errormapper/errormapper.go:57.3,57.16 1 1
stalling/vendor/github.com/mbict/go-errormapper/errormapper.go:47.10,48.12 1 1
stalling/vendor/github.com/mbict/go-errormapper/errormapper.go:51.19,53.4 1 1
stalling/vendor/github.com/mbict/go-errormapper/errormapper.go:53.4,55.4 1 1
stalling/vendor/github.com/mbict/go-errormapper/errormapper.go:57.16,60.4 1 1
stalling/vendor/github.com/mbict/go-errormapper/errormapper.go:65.109,66.29 1 1
stalling/vendor/github.com/mbict/go-errormapper/errormapper.go:70.2,71.11 2 1
stalling/vendor/github.com/mbict/go-errormapper/errormapper.go:66.29,68.3 1 1
stalling/vendor/github.com/mbict/go-errormapper/errormapper.go:74.110,76.2 1 1
stalling/vendor/github.com/mbict/go-errormapper/errormapper.go:78.103,80.2 1 1
stalling/vendor/github.com/mbict/go-errormapper/errormapper.go:82.99,84.2 1 1
stalling/vendor/github.com/mbict/go-errormapper/errormapper.go:86.125,88.2 1 1
stalling/vendor/github.com/mbict/go-errormapper/errormapper.go:90.130,92.2 1 1
stalling/vendor/github.com/mbict/go-errormapper/errormapper.go:94.148,98.16 2 1
stalling/vendor/github.com/mbict/go-errormapper/errormapper.go:102.2,104.36 3 1
stalling/vendor/github.com/mbict/go-errormapper/errormapper.go:126.2,126.30 1 1
stalling/vendor/github.com/mbict/go-errormapper/errormapper.go:98.16,100.3 1 1
stalling/vendor/github.com/mbict/go-errormapper/errormapper.go:104.36,106.10 2 1
stalling/vendor/github.com/mbict/go-errormapper/errormapper.go:114.3,115.24 2 1
stalling/vendor/github.com/mbict/go-errormapper/errormapper.go:121.3,122.9 2 1
stalling/vendor/github.com/mbict/go-errormapper/errormapper.go:106.10,107.26 1 1
stalling/vendor/github.com/mbict/go-errormapper/errormapper.go:111.4,111.26 1 1
stalling/vendor/github.com/mbict/go-errormapper/errormapper.go:107.26,109.13 2 1
stalling/vendor/github.com/mbict/go-errormapper/errormapper.go:115.24,117.4 1 1
stalling/vendor/github.com/mbict/go-errormapper/errormapper.go:117.4,119.4 1 1
stalling/vendor/github.com/mbict/go-errormapper/errormapper.go:122.9,124.4 1 1
